10:57:36.365 - Timers : 0
10:58:01.003 - Backup for user DB started...
10:58:01.130 - Backup for user DB finished.
10:58:37.401 - Ticked widgets for 1 minute : 0. Per second : 0, total time : 1 ms
10:59:37.401 - Ticked widgets for 1 minute : 0. Per second : 0, total time : 0 ms
11:00:37.400 - Ticked widgets for 1 minute : 0. Per second : 0, total time : 0 ms
11:01:37.401 - Ticked widgets for 1 minute : 0. Per second : 0, total time : 0 ms
11:02:37.401 - Ticked widgets for 1 minute : 0. Per second : 0, total time : 0 ms
11:03:37.401 - Ticked widgets for 1 minute : 0. Per second : 0, total time : 0 ms
11:04:37.402 - Ticked widgets for 1 minute : 0. Per second : 0, total time : 0 ms
11:05:37.400 - Ticked widgets for 1 minute : 0. Per second : 0, total time : 0 ms
11:06:37.400 - Ticked widgets for 1 minute : 0. Per second : 0, total time : 0 ms
11:07:37.400 - Ticked widgets for 1 minute : 0. Per second : 0, total time : 0 ms
11:08:37.400 - Ticked widgets for 1 minute : 0. Per second : 0, total time : 0 ms
11:09:37.401 - Ticked widgets for 1 minute : 0. Per second : 0, total time : 0 ms
11:10:37.400 - Ticked widgets for 1 minute : 0. Per second : 0, total time : 0 ms
11:11:37.400 - Ticked widgets for 1 minute : 0. Per second : 0, total time : 0 ms
11:12:37.401 - Ticked widgets for 1 minute : 0. Per second : 0, total time : 0 ms
11:13:37.400 - Ticked widgets for 1 minute : 0. Per second : 0, total time : 0 ms
11:14:37.401 - Ticked widgets for 1 minute : 0. Per second : 0, total time : 0 ms
11:15:37.402 - Ticked widgets for 1 minute : 0. Per second : 0, total time : 0 ms
11:16:37.401 - Ticked widgets for 1 minute : 0. Per second : 0, total time : 0 ms
11:17:37.401 - Ticked widgets for 1 minute : 0. Per second : 0, total time : 0 ms
11:18:37.402 - Ticked widgets for 1 minute : 0. Per second : 0, total time : 0 ms
11:19:37.401 - Ticked widgets for 1 minute : 0. Per second : 0, total time : 0 ms
11:20:37.400 - Ticked widgets for 1 minute : 0. Per second : 0, total time : 0 ms
11:21:37.401 - Ticked widgets for 1 minute : 0. Per second : 0, total time : 0 ms
11:22:37.400 - Ticked widgets for 1 minute : 0. Per second : 0, total time : 0 ms
11:23:37.400 - Ticked widgets for 1 minute : 0. Per second : 0, total time : 0 ms
11:24:37.400 - Ticked widgets for 1 minute : 0. Per second : 0, total time : 0 ms
11:25:37.400 - Ticked widgets for 1 minute : 0. Per second : 0, total time : 0 ms
11:26:37.401 - Ticked widgets for 1 minute : 0. Per second : 0, total time : 0 ms
11:27:37.401 - Ticked widgets for 1 minute : 0. Per second : 0, total time : 0 ms
11:28:37.400 - Ticked widgets for 1 minute : 0. Per second : 0, total time : 0 ms
11:29:37.401 - Ticked widgets for 1 minute : 0. Per second : 0, total time : 0 ms
11:30:37.401 - Ticked widgets for 1 minute : 0. Per second : 0, total time : 0 ms
11:31:37.401 - Ticked widgets for 1 minute : 0. Per second : 0, total time : 0 ms
11:32:37.400 - Ticked widgets for 1 minute : 0. Per second : 0, total time : 0 ms
11:33:37.401 - Ticked widgets for 1 minute : 0. Per second : 0, total time : 0 ms
11:34:37.401 - Ticked widgets for 1 minute : 0. Per second : 0, total time : 0 ms
11:35:37.400 - Ticked widgets for 1 minute : 0. Per second : 0, total time : 0 ms
11:36:37.402 - Ticked widgets for 1 minute : 0. Per second : 0, total time : 0 ms
11:37:37.401 - Ticked widgets for 1 minute : 0. Per second : 0, total time : 0 ms
11:38:37.401 - Ticked widgets for 1 minute : 0. Per second : 0, total time : 0 ms
11:39:37.401 - Ticked widgets for 1 minute : 0. Per second : 0, total time : 0 ms
11:40:37.400 - Ticked widgets for 1 minute : 0. Per second : 0, total time : 0 ms
11:41:37.401 - Ticked widgets for 1 minute : 0. Per second : 0, total time : 0 ms
11:42:37.400 - Ticked widgets for 1 minute : 0. Per second : 0, total time : 0 ms
11:43:37.400 - Ticked widgets for 1 minute : 0. Per second : 0, total time : 0 ms
11:44:37.400 - Ticked widgets for 1 minute : 0. Per second : 0, total time : 0 ms
11:45:37.401 - Ticked widgets for 1 minute : 0. Per second : 0, total time : 0 ms
11:46:37.401 - Ticked widgets for 1 minute : 0. Per second : 0, total time : 0 ms
11:47:37.401 - Ticked widgets for 1 minute : 0. Per second : 0, total time : 0 ms
11:48:37.402 - Ticked widgets for 1 minute : 0. Per second : 0, total time : 0 ms
11:49:37.400 - Ticked widgets for 1 minute : 0. Per second : 0, total time : 0 ms
11:50:37.402 - Ticked widgets for 1 minute : 0. Per second : 0, total time : 0 ms
11:51:37.401 - Ticked widgets for 1 minute : 0. Per second : 0, total time : 0 ms
11:52:37.400 - Ticked widgets for 1 minute : 0. Per second : 0, total time : 0 ms
11:53:37.401 - Ticked widgets for 1 minute : 0. Per second : 0, total time : 0 ms
11:54:37.400 - Ticked widgets for 1 minute : 0. Per second : 0, total time : 0 ms
11:55:37.401 - Ticked widgets for 1 minute : 0. Per second : 0, total time : 0 ms
11:56:37.401 - Ticked widgets for 1 minute : 0. Per second : 0, total time : 0 ms
11:57:37.282 - Truncated 0 files. Time : 3 ms.
11:57:37.282 - Removed 0 old export files. Time : 0 ms.
11:57:37.401 - Ticked widgets for 1 minute : 0. Per second : 0, total time : 0 ms
11:58:37.401 - Ticked widgets for 1 minute : 0. Per second : 0, total time : 0 ms
11:59:37.401 - Ticked widgets for 1 minute : 0. Per second : 0, total time : 0 ms
12:00:37.400 - Ticked widgets for 1 minute : 0. Per second : 0, total time : 0 ms
12:01:37.401 - Ticked widgets for 1 minute : 0. Per second : 0, total time : 0 ms
12:02:37.401 - Ticked widgets for 1 minute : 0. Per second : 0, total time : 0 ms
12:03:37.401 - Ticked widgets for 1 minute : 0. Per second : 0, total time : 0 ms
12:04:37.402 - Ticked widgets for 1 minute : 0. Per second : 0, total time : 0 ms
12:05:37.401 - Ticked widgets for 1 minute : 0. Per second : 0, total time : 0 ms
12:06:37.400 - Ticked widgets for 1 minute : 0. Per second : 0, total time : 0 ms
12:07:37.401 - Ticked widgets for 1 minute : 0. Per second : 0, total time : 0 ms
12:08:37.400 - Ticked widgets for 1 minute : 0. Per second : 0, total time : 0 ms
12:09:37.402 - Ticked widgets for 1 minute : 0. Per second : 0, total time : 0 ms
12:10:37.400 - Ticked widgets for 1 minute : 0. Per second : 0, total time : 0 ms
12:11:37.402 - Ticked widgets for 1 minute : 0. Per second : 0, total time : 0 ms
12:12:37.402 - Ticked widgets for 1 minute : 0. Per second : 0, total time : 0 ms
12:13:37.400 - Ticked widgets for 1 minute : 0. Per second : 0, total time : 0 ms
12:14:37.401 - Ticked widgets for 1 minute : 0. Per second : 0, total time : 0 ms
12:15:37.401 - Ticked widgets for 1 minute : 0. Per second : 0, total time : 0 ms
12:16:37.401 - Ticked widgets for 1 minute : 0. Per second : 0, total time : 0 ms
12:17:37.401 - Ticked widgets for 1 minute : 0. Per second : 0, total time : 0 ms
12:18:37.401 - Ticked widgets for 1 minute : 0. Per second : 0, total time : 0 ms
12:19:37.401 - Ticked widgets for 1 minute : 0. Per second : 0, total time : 0 ms
12:20:37.400 - Ticked widgets for 1 minute : 0. Per second : 0, total time : 0 ms
12:21:37.401 - Ticked widgets for 1 minute : 0. Per second : 0, total time : 0 ms
12:22:37.402 - Ticked widgets for 1 minute : 0. Per second : 0, total time : 0 ms
12:23:37.401 - Ticked widgets for 1 minute : 0. Per second : 0, total time : 0 ms
12:24:37.401 - Ticked widgets for 1 minute : 0. Per second : 0, total time : 0 ms
12:25:37.402 - Ticked widgets for 1 minute : 0. Per second : 0, total time : 0 ms
12:26:37.401 - Ticked widgets for 1 minute : 0. Per second : 0, total time : 0 ms
12:27:37.401 - Ticked widgets for 1 minute : 0. Per second : 0, total time : 0 ms
12:28:37.401 - Ticked widgets for 1 minute : 0. Per second : 0, total time : 0 ms
12:29:37.400 - Ticked widgets for 1 minute : 0. Per second : 0, total time : 0 ms
12:30:37.401 - Ticked widgets for 1 minute : 0. Per second : 0, total time : 0 ms
12:31:37.401 - Ticked widgets for 1 minute : 0. Per second : 0, total time : 0 ms
12:32:37.402 - Ticked widgets for 1 minute : 0. Per second : 0, total time : 0 ms
12:33:37.401 - Ticked widgets for 1 minute : 0. Per second : 0, total time : 0 ms
12:34:37.402 - Ticked widgets for 1 minute : 0. Per second : 0, total time : 0 ms
12:35:37.401 - Ticked widgets for 1 minute : 0. Per second : 0, total time : 0 ms
12:36:37.401 - Ticked widgets for 1 minute : 0. Per second : 0, total time : 0 ms
12:37:37.401 - Ticked widgets for 1 minute : 0. Per second : 0, total time : 0 ms
12:38:37.401 - Ticked widgets for 1 minute : 0. Per second : 0, total time : 0 ms
12:39:37.401 - Ticked widgets for 1 minute : 0. Per second : 0, total time : 0 ms
12:40:37.402 - Ticked widgets for 1 minute : 0. Per second : 0, total time : 0 ms
12:41:37.401 - Ticked widgets for 1 minute : 0. Per second : 0, total time : 0 ms
12:42:37.401 - Ticked widgets for 1 minute : 0. Per second : 0, total time : 0 ms
12:43:37.401 - Ticked widgets for 1 minute : 0. Per second : 0, total time : 0 ms
12:44:37.401 - Ticked widgets for 1 minute : 0. Per second : 0, total time : 0 ms
12:45:37.401 - Ticked widgets for 1 minute : 0. Per second : 0, total time : 0 ms
12:46:37.401 - Ticked widgets for 1 minute : 0. Per second : 0, total time : 0 ms
12:47:37.401 - Ticked widgets for 1 minute : 0. Per second : 0, total time : 0 ms
12:48:37.401 - Ticked widgets for 1 minute : 0. Per second : 0, total time : 0 ms
12:49:37.402 - Ticked widgets for 1 minute : 0. Per second : 0, total time : 0 ms
12:50:37.400 - Ticked widgets for 1 minute : 0. Per second : 0, total time : 0 ms
12:51:37.403 - Ticked widgets for 1 minute : 0. Per second : 0, total time : 0 ms
12:52:37.400 - Ticked widgets for 1 minute : 0. Per second : 0, total time : 0 ms
12:53:37.401 - Ticked widgets for 1 minute : 0. Per second : 0, total time : 0 ms
12:54:37.401 - Ticked widgets for 1 minute : 0. Per second : 0, total time : 0 ms
12:55:37.402 - Ticked widgets for 1 minute : 0. Per second : 0, total time : 0 ms
12:56:37.400 - Ticked widgets for 1 minute : 0. Per second : 0, total time : 0 ms
12:57:37.401 - Ticked widgets for 1 minute : 0. Per second : 0, total time : 0 ms
12:58:37.400 - Ticked widgets for 1 minute : 0. Per second : 0, total time : 0 ms
12:59:37.401 - Ticked widgets for 1 minute : 0. Per second : 0, total time : 0 ms
13:00:37.400 - Ticked widgets for 1 minute : 0. Per second : 0, total time : 0 ms
13:01:37.401 - Ticked widgets for 1 minute : 0. Per second : 0, total time : 0 ms
13:02:37.401 - Ticked widgets for 1 minute : 0. Per second : 0, total time : 0 ms
13:03:37.401 - Ticked widgets for 1 minute : 0. Per second : 0, total time : 0 ms
13:04:37.401 - Ticked widgets for 1 minute : 0. Per second : 0, total time : 0 ms
13:05:37.400 - Ticked widgets for 1 minute : 0. Per second : 0, total time : 0 ms
13:06:37.402 - Ticked widgets for 1 minute : 0. Per second : 0, total time : 0 ms
13:07:37.400 - Ticked widgets for 1 minute : 0. Per second : 0, total time : 0 ms
13:08:37.401 - Ticked widgets for 1 minute : 0. Per second : 0, total time : 0 ms
13:09:37.401 - Ticked widgets for 1 minute : 0. Per second : 0, total time : 0 ms
13:10:37.401 - Ticked widgets for 1 minute : 0. Per second : 0, total time : 0 ms
13:11:37.401 - Ticked widgets for 1 minute : 0. Per second : 0, total time : 0 ms
13:12:37.401 - Ticked widgets for 1 minute : 0. Per second : 0, total time : 0 ms
13:13:37.401 - Ticked widgets for 1 minute : 0. Per second : 0, total time : 0 ms
13:14:37.400 - Ticked widgets for 1 minute : 0. Per second : 0, total time : 0 ms
13:15:37.401 - Ticked widgets for 1 minute : 0. Per second : 0, total time : 0 ms
13:16:37.401 - Ticked widgets for 1 minute : 0. Per second : 0, total time : 0 ms
13:17:37.402 - Ticked widgets for 1 minute : 0. Per second : 0, total time : 0 ms
13:18:37.401 - Ticked widgets for 1 minute : 0. Per second : 0, total time : 0 ms
13:19:37.400 - Ticked widgets for 1 minute : 0. Per second : 0, total time : 0 ms
13:20:37.400 - Ticked widgets for 1 minute : 0. Per second : 0, total time : 0 ms
13:21:37.401 - Ticked widgets for 1 minute : 0. Per second : 0, total time : 0 ms
13:22:37.400 - Ticked widgets for 1 minute : 0. Per second : 0, total time : 0 ms
13:23:37.401 - Ticked widgets for 1 minute : 0. Per second : 0, total time : 0 ms
13:24:37.400 - Ticked widgets for 1 minute : 0. Per second : 0, total time : 0 ms
13:25:37.401 - Ticked widgets for 1 minute : 0. Per second : 0, total time : 0 ms
13:26:37.400 - Ticked widgets for 1 minute : 0. Per second : 0, total time : 0 ms
13:27:37.401 - Ticked widgets for 1 minute : 0. Per second : 0, total time : 0 ms
13:28:37.402 - Ticked widgets for 1 minute : 0. Per second : 0, total time : 0 ms
13:29:37.400 - Ticked widgets for 1 minute : 0. Per second : 0, total time : 0 ms
13:30:37.400 - Ticked widgets for 1 minute : 0. Per second : 0, total time : 0 ms
13:31:37.401 - Ticked widgets for 1 minute : 0. Per second : 0, total time : 0 ms
13:32:37.401 - Ticked widgets for 1 minute : 0. Per second : 0, total time : 0 ms
13:33:37.401 - Ticked widgets for 1 minute : 0. Per second : 0, total time : 0 ms
13:34:37.401 - Ticked widgets for 1 minute : 0. Per second : 0, total time : 0 ms
13:35:37.401 - Ticked widgets for 1 minute : 0. Per second : 0, total time : 0 ms
13:36:37.401 - Ticked widgets for 1 minute : 0. Per second : 0, total time : 0 ms
13:37:37.400 - Ticked widgets for 1 minute : 0. Per second : 0, total time : 0 ms
13:38:37.401 - Ticked widgets for 1 minute : 0. Per second : 0, total time : 0 ms
13:39:37.401 - Ticked widgets for 1 minute : 0. Per second : 0, total time : 1 ms
13:40:37.401 - Ticked widgets for 1 minute : 0. Per second : 0, total time : 0 ms
13:41:37.401 - Ticked widgets for 1 minute : 0. Per second : 0, total time : 0 ms
13:42:37.400 - Ticked widgets for 1 minute : 0. Per second : 0, total time : 0 ms
13:43:37.400 - Ticked widgets for 1 minute : 0. Per second : 0, total time : 0 ms
13:44:37.401 - Ticked widgets for 1 minute : 0. Per second : 0, total time : 0 ms
13:45:37.402 - Ticked widgets for 1 minute : 0. Per second : 0, total time : 0 ms
13:46:37.401 - Ticked widgets for 1 minute : 0. Per second : 0, total time : 0 ms
13:47:37.400 - Ticked widgets for 1 minute : 0. Per second : 0, total time : 0 ms
13:48:37.400 - Ticked widgets for 1 minute : 0. Per second : 0, total time : 0 ms
13:49:37.401 - Ticked widgets for 1 minute : 0. Per second : 0, total time : 0 ms
13:50:37.401 - Ticked widgets for 1 minute : 0. Per second : 0, total time : 0 ms
13:51:37.401 - Ticked widgets for 1 minute : 0. Per second : 0, total time : 0 ms
13:52:37.402 - Ticked widgets for 1 minute : 0. Per second : 0, total time : 0 ms
